Wed Jul 04 2018 22:31:25 GMT+0530 (India Standard Time): GET /
Wed Jul 04 2018 22:31:49 GMT+0530 (India Standard Time): GET /
Wed Jul 04 2018 22:31:52 GMT+0530 (India Standard Time): GET /about
Wed Jul 04 2018 22:44:43 GMT+0530 (India Standard Time): GET /about
Wed Jul 04 2018 22:47:52 GMT+0530 (India Standard Time): GET /about
Wed Jul 04 2018 22:48:22 GMT+0530 (India Standard Time): GET /about
Wed Jul 04 2018 22:49:36 GMT+0530 (India Standard Time): GET /
Wed Jul 04 2018 22:57:31 GMT+0530 (India Standard Time): GET /help.html
Wed Jul 04 2018 22:58:46 GMT+0530 (India Standard Time): GET /
Wed Jul 04 2018 22:58:50 GMT+0530 (India Standard Time): GET /about
Wed Jul 04 2018 22:58:59 GMT+0530 (India Standard Time): GET /about.html
Wed Jul 04 2018 23:01:10 GMT+0530 (India Standard Time): GET /about.html
Wed Jul 04 2018 23:02:09 GMT+0530 (India Standard Time): GET /about.html
Wed Jul 04 2018 23:02:24 GMT+0530 (India Standard Time): GET /about.html
Wed Jul 04 2018 23:02:35 GMT+0530 (India Standard Time): GET /help.html
Wed Jul 04 2018 23:02:52 GMT+0530 (India Standard Time): GET /about.html
Wed Jul 04 2018 23:03:10 GMT+0530 (India Standard Time): GET /about.html
Wed Jul 04 2018 23:03:17 GMT+0530 (India Standard Time): GET /help.html
Wed Jul 04 2018 23:03:35 GMT+0530 (India Standard Time): GET /
Wed Jul 04 2018 23:03:55 GMT+0530 (India Standard Time): GET /
Wed Jul 04 2018 23:03:58 GMT+0530 (India Standard Time): GET /
Wed Jul 04 2018 23:03:59 GMT+0530 (India Standard Time): GET /about
Wed Jul 04 2018 23:04:00 GMT+0530 (India Standard Time): GET /about
Wed Jul 04 2018 23:04:01 GMT+0530 (India Standard Time): GET /about
Wed Jul 04 2018 23:04:03 GMT+0530 (India Standard Time): GET /
Fri Jul 06 2018 02:29:14 GMT+0530 (India Standard Time): GET /
Fri Jul 06 2018 02:29:16 GMT+0530 (India Standard Time): GET /about
Fri Jul 06 2018 02:29:17 GMT+0530 (India Standard Time): GET /about
Fri Jul 06 2018 02:32:22 GMT+0530 (India Standard Time): GET /about
